ERROR [com.zaxxer.hikari.pool.HikariPool] at com.mysql.cj.jdbc.exceptions.SQLError.createCommunicationsException(SQLError.java:174): Communications link failure
The last packet sent successfully to the server was 0 milliseconds ago. The driver has not received any packets from the server.
at sun.reflect.NativeConstructorAccessorImpl.newInstance0(Native Method): Communications link failure
The last packet sent successfully to the server was 0 milliseconds ago. The driver has not received any packets from the server.
at java.net.DualStackPlainSocketImpl.waitForConnect(Native Method): Connection refused: connect
WARN [org.springframework.boot.autoconfigure.orm.jpa.DatabaseLookup] at org.springframework.jdbc.support.JdbcUtils.extractDatabaseMetaData(JdbcUtils.java:328): Could not get Connection for extracting meta-data; nested exception is org.springframework.jdbc.CannotGetJdbcConnectionException: Failed to obtain JDBC Connection; nested exception is com.mysql.cj.jdbc.exceptions.CommunicationsException: Communications link failure
The last packet sent successfully to the server was 0 milliseconds ago. The driver has not received any packets from the server.
at org.springframework.jdbc.datasource.DataSourceUtils.getConnection(DataSourceUtils.java:81): Failed to obtain JDBC Connection; nested exception is com.mysql.cj.jdbc.exceptions.CommunicationsException: Communications link failure
The last packet sent successfully to the server was 0 milliseconds ago. The driver has not received any packets from the server.
at com.mysql.cj.jdbc.exceptions.SQLError.createCommunicationsException(SQLError.java:174): Communications link failure
The last packet sent successfully to the server was 0 milliseconds ago. The driver has not received any packets from the server.
at sun.reflect.NativeConstructorAccessorImpl.newInstance0(Native Method): Communications link failure
The last packet sent successfully to the server was 0 milliseconds ago. The driver has not received any packets from the server.
at java.net.DualStackPlainSocketImpl.waitForConnect(Native Method): Connection refused: connect
ERROR [com.zaxxer.hikari.pool.HikariPool] at com.mysql.cj.jdbc.exceptions.SQLError.createCommunicationsException(SQLError.java:174): Communications link failure
The last packet sent successfully to the server was 0 milliseconds ago. The driver has not received any packets from the server.
at sun.reflect.NativeConstructorAccessorImpl.newInstance0(Native Method): Communications link failure
The last packet sent successfully to the server was 0 milliseconds ago. The driver has not received any packets from the server.
at java.net.DualStackPlainSocketImpl.waitForConnect(Native Method): Connection refused: connect
WARN [org.hibernate.engine.jdbc.env.internal.JdbcEnvironmentInitiator] HHH000342: Could not obtain connection to query metadata : Communications link failure
The last packet sent successfully to the server was 0 milliseconds ago. The driver has not received any packets from the server.
WARN [org.springframework.boot.web.servlet.context.AnnotationConfigServletWebServerApplicationContext] Exception encountered during context initialization - cancelling refresh attempt: org.springframework.beans.factory.BeanCreationException: Error creating bean with name 'entityManagerFactory' defined in class path resource [org/springframework/boot/autoconfigure/orm/jpa/HibernateJpaConfiguration.class]: Invocation of init method failed; nested exception is org.hibernate.service.spi.ServiceException: Unable to create requested service [org.hibernate.engine.jdbc.env.spi.JdbcEnvironment]
ERROR [org.springframework.boot.SpringApplication] at org.springframework.beans.factory.support.AbstractAutowireCapableBeanFactory.initializeBean(AbstractAutowireCapableBeanFactory.java:1778): Error creating bean with name 'entityManagerFactory' defined in class path resource [org/springframework/boot/autoconfigure/orm/jpa/HibernateJpaConfiguration.class]: Invocation of init method failed; nested exception is org.hibernate.service.spi.ServiceException: Unable to create requested service [org.hibernate.engine.jdbc.env.spi.JdbcEnvironment]
at org.hibernate.service.internal.AbstractServiceRegistryImpl.createService(AbstractServiceRegistryImpl.java:275): Unable to create requested service [org.hibernate.engine.jdbc.env.spi.JdbcEnvironment]
at org.hibernate.engine.jdbc.dialect.internal.DialectFactoryImpl.determineDialect(DialectFactoryImpl.java:100): Access to DialectResolutionInfo cannot be null when 'hibernate.dialect' not set
ERROR [org.apache.jsp.META_002dINF.views.framework.panic_jsp] HTTP GET /acme-incubator/META-INF/views/framework/page.jsp HTTP/1.1
ERROR [org.apache.jsp.META_002dINF.views.framework.panic_jsp] Status: 500
ERROR [org.apache.jsp.META_002dINF.views.framework.panic_jsp] Exception: java.lang.AssertionError
ERROR [org.apache.catalina.core.ContainerBase.[Tomcat].[localhost].[/acme-incubator].[jsp]] at javax.el.BeanELResolver$BeanProperties.get(BeanELResolver.java:260): Property [isEmpty] not found on type [java.lang.String]
ERROR [org.apache.catalina.core.ContainerBase.[Tomcat].[localhost].[/acme-incubator].[jsp]] at org.apache.tiles.request.servlet.ServletUtil.wrapServletException(ServletUtil.java:61): JSPException including path '../anonymous/notice/form.jsp'.
at javax.el.BeanELResolver$BeanProperties.get(BeanELResolver.java:260): Property [isEmpty] not found on type [java.lang.String]
ERROR [org.apache.catalina.core.ContainerBase.[Tomcat].[localhost].[/acme-incubator].[dispatcherServlet]] at javax.el.BeanELResolver$BeanProperties.get(BeanELResolver.java:260): Property [isEmpty] not found on type [java.lang.String]
ERROR [org.apache.catalina.core.ContainerBase.[Tomcat].[localhost].[/acme-incubator].[jsp]] at javax.el.BeanELResolver$BeanProperties.get(BeanELResolver.java:260): Property [isEmpty] not found on type [java.lang.String]
ERROR [org.apache.catalina.core.ContainerBase.[Tomcat].[localhost].[/acme-incubator].[jsp]] at org.apache.tiles.request.servlet.ServletUtil.wrapServletException(ServletUtil.java:61): JSPException including path '../anonymous/notice/form.jsp'.
at javax.el.BeanELResolver$BeanProperties.get(BeanELResolver.java:260): Property [isEmpty] not found on type [java.lang.String]
ERROR [org.apache.catalina.core.ContainerBase.[Tomcat].[localhost].[/acme-incubator].[dispatcherServlet]] at javax.el.BeanELResolver$BeanProperties.get(BeanELResolver.java:260): Property [isEmpty] not found on type [java.lang.String]
ERROR [org.apache.jsp.META_002dINF.views.framework.panic_jsp] HTTP GET /acme-incubator/META-INF/views/framework/page.jsp HTTP/1.1
ERROR [org.apache.jsp.META_002dINF.views.framework.panic_jsp] Status: 500
ERROR [org.apache.jsp.META_002dINF.views.framework.panic_jsp] Exception: java.lang.AssertionError
ERROR [org.apache.catalina.util.LifecycleBase] at org.apache.catalina.connector.Connector.startInternal(Connector.java:1008): Protocol handler start failed
at sun.nio.ch.Net.bind0(Native Method): Address already in use: bind
ERROR [org.springframework.boot.diagnostics.LoggingFailureAnalysisReporter] ***************************
APPLICATION FAILED TO START
***************************
Description:
The Tomcat connector configured to listen on port 8080 failed to start. The port may already be in use or the connector may be misconfigured.
Action:
Verify the connector's configuration, identify and stop any process that's listening on port 8080, or configure this application to listen on another port.
ERROR [org.apache.jsp.META_002dINF.views.framework.panic_jsp] HTTP GET /acme-incubator/META-INF/views/framework/page.jsp HTTP/1.1
ERROR [org.apache.jsp.META_002dINF.views.framework.panic_jsp] Status: 404
ERROR [org.apache.jsp.META_002dINF.views.framework.panic_jsp] HTTP GET /acme-incubator/META-INF/views/framework/page.jsp HTTP/1.1
ERROR [org.apache.jsp.META_002dINF.views.framework.panic_jsp] Status: 404
ERROR [org.apache.jsp.META_002dINF.views.framework.panic_jsp] HTTP GET /acme-incubator/META-INF/views/framework/page.jsp HTTP/1.1
ERROR [org.apache.jsp.META_002dINF.views.framework.panic_jsp] Status: 404
ERROR [org.hibernate.hql.internal.ast.ErrorTracker] line 1:66: unexpected token: where
ERROR [org.hibernate.hql.internal.ast.ErrorTracker] at org.hibernate.hql.internal.antlr.HqlBaseParser.negatedExpression(HqlBaseParser.java:2534): unexpected token: where
ERROR [org.hibernate.hql.internal.ast.ErrorTracker] line 1:72: unexpected token: n
ERROR [org.hibernate.hql.internal.ast.ErrorTracker] at org.hibernate.hql.internal.antlr.HqlBaseParser.queryRule(HqlBaseParser.java:787): unexpected token: n
WARN [org.springframework.boot.web.servlet.context.AnnotationConfigServletWebServerApplicationContext] Exception encountered during context initialization - cancelling refresh attempt: org.springframework.beans.factory.UnsatisfiedDependencyException: Error creating bean with name 'anonymousNoticeController': Unsatisfied dependency expressed through field 'listService'; nested exception is org.springframework.beans.factory.UnsatisfiedDependencyException: Error creating bean with name 'anonymousNoticeListService': Unsatisfied dependency expressed through field 'repository'; nested exception is org.springframework.beans.factory.BeanCreationException: Error creating bean with name 'anonymousNoticeRepository': Invocation of init method failed; nested exception is java.lang.IllegalArgumentException: Validation failed for query for method public abstract acme.entities.notices.Notice acme.features.anonymous.notice.AnonymousNoticeRepository.findOneByIdActive(int)!
ERROR [org.springframework.boot.SpringApplication] at org.springframework.beans.factory.annotation.AutowiredAnnotationBeanPostProcessor$AutowiredFieldElement.inject(AutowiredAnnotationBeanPostProcessor.java:596): Error creating bean with name 'anonymousNoticeController': Unsatisfied dependency expressed through field 'listService'; nested exception is org.springframework.beans.factory.UnsatisfiedDependencyException: Error creating bean with name 'anonymousNoticeListService': Unsatisfied dependency expressed through field 'repository'; nested exception is org.springframework.beans.factory.BeanCreationException: Error creating bean with name 'anonymousNoticeRepository': Invocation of init method failed; nested exception is java.lang.IllegalArgumentException: Validation failed for query for method public abstract acme.entities.notices.Notice acme.features.anonymous.notice.AnonymousNoticeRepository.findOneByIdActive(int)!
at org.springframework.beans.factory.annotation.AutowiredAnnotationBeanPostProcessor$AutowiredFieldElement.inject(AutowiredAnnotationBeanPostProcessor.java:596): Error creating bean with name 'anonymousNoticeListService': Unsatisfied dependency expressed through field 'repository'; nested exception is org.springframework.beans.factory.BeanCreationException: Error creating bean with name 'anonymousNoticeRepository': Invocation of init method failed; nested exception is java.lang.IllegalArgumentException: Validation failed for query for method public abstract acme.entities.notices.Notice acme.features.anonymous.notice.AnonymousNoticeRepository.findOneByIdActive(int)!
at org.springframework.beans.factory.support.AbstractAutowireCapableBeanFactory.initializeBean(AbstractAutowireCapableBeanFactory.java:1778): Error creating bean with name 'anonymousNoticeRepository': Invocation of init method failed; nested exception is java.lang.IllegalArgumentException: Validation failed for query for method public abstract acme.entities.notices.Notice acme.features.anonymous.notice.AnonymousNoticeRepository.findOneByIdActive(int)!
at org.springframework.data.jpa.repository.query.SimpleJpaQuery.validateQuery(SimpleJpaQuery.java:93): Validation failed for query for method public abstract acme.entities.notices.Notice acme.features.anonymous.notice.AnonymousNoticeRepository.findOneByIdActive(int)!
at org.hibernate.internal.ExceptionConverterImpl.convert(ExceptionConverterImpl.java:138): org.hibernate.hql.internal.ast.QuerySyntaxException: unexpected token: where near line 1, column 66 [select n from acme.entities.notices.Notice n where n.id = ?1 and where n.deadline >= CURRENT_TIMESTAMP]
at org.hibernate.hql.internal.ast.QuerySyntaxException.convert(QuerySyntaxException.java:74): unexpected token: where near line 1, column 66 [select n from acme.entities.notices.Notice n where n.id = ?1 and where n.deadline >= CURRENT_TIMESTAMP]
ERROR [org.hibernate.hql.internal.ast.ErrorTracker] line 1:66: unexpected token: where
ERROR [org.hibernate.hql.internal.ast.ErrorTracker] at org.hibernate.hql.internal.antlr.HqlBaseParser.negatedExpression(HqlBaseParser.java:2534): unexpected token: where
ERROR [org.hibernate.hql.internal.ast.ErrorTracker] line 1:72: unexpected token: n
ERROR [org.hibernate.hql.internal.ast.ErrorTracker] at org.hibernate.hql.internal.antlr.HqlBaseParser.queryRule(HqlBaseParser.java:787): unexpected token: n
WARN [org.springframework.boot.web.servlet.context.AnnotationConfigServletWebServerApplicationContext] Exception encountered during context initialization - cancelling refresh attempt: org.springframework.beans.factory.UnsatisfiedDependencyException: Error creating bean with name 'anonymousNoticeController': Unsatisfied dependency expressed through field 'listService'; nested exception is org.springframework.beans.factory.UnsatisfiedDependencyException: Error creating bean with name 'anonymousNoticeListService': Unsatisfied dependency expressed through field 'repository'; nested exception is org.springframework.beans.factory.BeanCreationException: Error creating bean with name 'anonymousNoticeRepository': Invocation of init method failed; nested exception is java.lang.IllegalArgumentException: Validation failed for query for method public abstract acme.entities.notices.Notice acme.features.anonymous.notice.AnonymousNoticeRepository.findOneByIdActive(int)!
ERROR [org.springframework.boot.SpringApplication] at org.springframework.beans.factory.annotation.AutowiredAnnotationBeanPostProcessor$AutowiredFieldElement.inject(AutowiredAnnotationBeanPostProcessor.java:596): Error creating bean with name 'anonymousNoticeController': Unsatisfied dependency expressed through field 'listService'; nested exception is org.springframework.beans.factory.UnsatisfiedDependencyException: Error creating bean with name 'anonymousNoticeListService': Unsatisfied dependency expressed through field 'repository'; nested exception is org.springframework.beans.factory.BeanCreationException: Error creating bean with name 'anonymousNoticeRepository': Invocation of init method failed; nested exception is java.lang.IllegalArgumentException: Validation failed for query for method public abstract acme.entities.notices.Notice acme.features.anonymous.notice.AnonymousNoticeRepository.findOneByIdActive(int)!
at org.springframework.beans.factory.annotation.AutowiredAnnotationBeanPostProcessor$AutowiredFieldElement.inject(AutowiredAnnotationBeanPostProcessor.java:596): Error creating bean with name 'anonymousNoticeListService': Unsatisfied dependency expressed through field 'repository'; nested exception is org.springframework.beans.factory.BeanCreationException: Error creating bean with name 'anonymousNoticeRepository': Invocation of init method failed; nested exception is java.lang.IllegalArgumentException: Validation failed for query for method public abstract acme.entities.notices.Notice acme.features.anonymous.notice.AnonymousNoticeRepository.findOneByIdActive(int)!
at org.springframework.beans.factory.support.AbstractAutowireCapableBeanFactory.initializeBean(AbstractAutowireCapableBeanFactory.java:1778): Error creating bean with name 'anonymousNoticeRepository': Invocation of init method failed; nested exception is java.lang.IllegalArgumentException: Validation failed for query for method public abstract acme.entities.notices.Notice acme.features.anonymous.notice.AnonymousNoticeRepository.findOneByIdActive(int)!
at org.springframework.data.jpa.repository.query.SimpleJpaQuery.validateQuery(SimpleJpaQuery.java:93): Validation failed for query for method public abstract acme.entities.notices.Notice acme.features.anonymous.notice.AnonymousNoticeRepository.findOneByIdActive(int)!
at org.hibernate.internal.ExceptionConverterImpl.convert(ExceptionConverterImpl.java:138): org.hibernate.hql.internal.ast.QuerySyntaxException: unexpected token: where near line 1, column 66 [select n from acme.entities.notices.Notice n where n.id = ?1 AND where n.deadline >= CURRENT_TIMESTAMP]
at org.hibernate.hql.internal.ast.QuerySyntaxException.convert(QuerySyntaxException.java:74): unexpected token: where near line 1, column 66 [select n from acme.entities.notices.Notice n where n.id = ?1 AND where n.deadline >= CURRENT_TIMESTAMP]
ERROR [org.apache.jsp.META_002dINF.views.framework.panic_jsp] HTTP GET /acme-incubator/META-INF/views/framework/page.jsp HTTP/1.1
ERROR [org.apache.jsp.META_002dINF.views.framework.panic_jsp] Status: 500
ERROR [org.apache.jsp.META_002dINF.views.framework.panic_jsp] Exception: java.lang.AssertionError
ERROR [org.apache.jsp.META_002dINF.views.framework.panic_jsp] HTTP GET /acme-incubator/META-INF/views/framework/page.jsp HTTP/1.1
ERROR [org.apache.jsp.META_002dINF.views.framework.panic_jsp] Status: 500
ERROR [org.apache.jsp.META_002dINF.views.framework.panic_jsp] Exception: acme.framework.helpers.Assert.state(Assert.java:40): Access is not authorised
ERROR [org.apache.jsp.META_002dINF.views.framework.panic_jsp] HTTP GET /acme-incubator/META-INF/views/framework/page.jsp HTTP/1.1
ERROR [org.apache.jsp.META_002dINF.views.framework.panic_jsp] Status: 500
ERROR [org.apache.jsp.META_002dINF.views.framework.panic_jsp] Exception: acme.framework.helpers.Assert.state(Assert.java:40): Acceso no autorizado
WARN [org.springframework.boot.web.servlet.context.AnnotationConfigServletWebServerApplicationContext] Exception encountered during context initialization - cancelling refresh attempt: org.springframework.beans.factory.UnsatisfiedDependencyException: Error creating bean with name 'anonymousToolRecordController': Unsatisfied dependency expressed through field 'listService'; nested exception is org.springframework.beans.factory.UnsatisfiedDependencyException: Error creating bean with name 'anonymousToolRecordListService': Unsatisfied dependency expressed through field 'repository'; nested exception is org.springframework.beans.factory.BeanCreationException: Error creating bean with name 'anonymousToolRecordRepository': Invocation of init method failed; nested exception is java.lang.IllegalArgumentException: Validation failed for query for method public abstract java.util.Collection acme.features.anonymous.toolRecord.AnonymousToolRecordRepository.findManyAll()!
ERROR [org.springframework.boot.SpringApplication] at org.springframework.beans.factory.annotation.AutowiredAnnotationBeanPostProcessor$AutowiredFieldElement.inject(AutowiredAnnotationBeanPostProcessor.java:596): Error creating bean with name 'anonymousToolRecordController': Unsatisfied dependency expressed through field 'listService'; nested exception is org.springframework.beans.factory.UnsatisfiedDependencyException: Error creating bean with name 'anonymousToolRecordListService': Unsatisfied dependency expressed through field 'repository'; nested exception is org.springframework.beans.factory.BeanCreationException: Error creating bean with name 'anonymousToolRecordRepository': Invocation of init method failed; nested exception is java.lang.IllegalArgumentException: Validation failed for query for method public abstract java.util.Collection acme.features.anonymous.toolRecord.AnonymousToolRecordRepository.findManyAll()!
at org.springframework.beans.factory.annotation.AutowiredAnnotationBeanPostProcessor$AutowiredFieldElement.inject(AutowiredAnnotationBeanPostProcessor.java:596): Error creating bean with name 'anonymousToolRecordListService': Unsatisfied dependency expressed through field 'repository'; nested exception is org.springframework.beans.factory.BeanCreationException: Error creating bean with name 'anonymousToolRecordRepository': Invocation of init method failed; nested exception is java.lang.IllegalArgumentException: Validation failed for query for method public abstract java.util.Collection acme.features.anonymous.toolRecord.AnonymousToolRecordRepository.findManyAll()!
at org.springframework.beans.factory.support.AbstractAutowireCapableBeanFactory.initializeBean(AbstractAutowireCapableBeanFactory.java:1778): Error creating bean with name 'anonymousToolRecordRepository': Invocation of init method failed; nested exception is java.lang.IllegalArgumentException: Validation failed for query for method public abstract java.util.Collection acme.features.anonymous.toolRecord.AnonymousToolRecordRepository.findManyAll()!
at org.springframework.data.jpa.repository.query.SimpleJpaQuery.validateQuery(SimpleJpaQuery.java:93): Validation failed for query for method public abstract java.util.Collection acme.features.anonymous.toolRecord.AnonymousToolRecordRepository.findManyAll()!
at org.hibernate.internal.ExceptionConverterImpl.convert(ExceptionConverterImpl.java:138): org.hibernate.hql.internal.ast.QuerySyntaxException: ToolRecord is not mapped [select t from ToolRecord t order by t.stars desc]
at org.hibernate.hql.internal.ast.QuerySyntaxException.generateQueryException(QuerySyntaxException.java:79): ToolRecord is not mapped [select t from ToolRecord t order by t.stars desc]
at org.hibernate.hql.internal.ast.util.SessionFactoryHelper.requireClassPersister(SessionFactoryHelper.java:169): ToolRecord is not mapped
WARN [org.springframework.boot.web.servlet.context.AnnotationConfigServletWebServerApplicationContext] Exception encountered during context initialization - cancelling refresh attempt: org.springframework.beans.factory.BeanDefinitionStoreException: Failed to parse configuration class [acme.Launcher]; nested exception is org.springframework.context.annotation.ConflictingBeanDefinitionException: Annotation-specified bean name 'anonymousToolRecordController' for bean class [acme.features.anonymous.toolRecord.AnonymousToolRecordController] conflicts with existing, non-compatible bean definition of same name and class [acme.features.anonymous.technologyRecord.AnonymousToolRecordController]
ERROR [org.springframework.boot.SpringApplication] at org.springframework.context.annotation.ConfigurationClassParser.parse(ConfigurationClassParser.java:181): Failed to parse configuration class [acme.Launcher]; nested exception is org.springframework.context.annotation.ConflictingBeanDefinitionException: Annotation-specified bean name 'anonymousToolRecordController' for bean class [acme.features.anonymous.toolRecord.AnonymousToolRecordController] conflicts with existing, non-compatible bean definition of same name and class [acme.features.anonymous.technologyRecord.AnonymousToolRecordController]
at org.springframework.context.annotation.ClassPathBeanDefinitionScanner.checkCandidate(ClassPathBeanDefinitionScanner.java:348): Annotation-specified bean name 'anonymousToolRecordController' for bean class [acme.features.anonymous.toolRecord.AnonymousToolRecordController] conflicts with existing, non-compatible bean definition of same name and class [acme.features.anonymous.technologyRecord.AnonymousToolRecordController]
WARN [org.springframework.boot.web.servlet.context.AnnotationConfigServletWebServerApplicationContext] Exception encountered during context initialization - cancelling refresh attempt: org.springframework.beans.factory.BeanDefinitionStoreException: Failed to parse configuration class [acme.Launcher]; nested exception is org.springframework.context.annotation.ConflictingBeanDefinitionException: Annotation-specified bean name 'anonymousToolRecordController' for bean class [acme.features.anonymous.toolRecord.AnonymousToolRecordController] conflicts with existing, non-compatible bean definition of same name and class [acme.features.anonymous.technologyRecord.AnonymousToolRecordController]
ERROR [org.springframework.boot.SpringApplication] at org.springframework.context.annotation.ConfigurationClassParser.parse(ConfigurationClassParser.java:181): Failed to parse configuration class [acme.Launcher]; nested exception is org.springframework.context.annotation.ConflictingBeanDefinitionException: Annotation-specified bean name 'anonymousToolRecordController' for bean class [acme.features.anonymous.toolRecord.AnonymousToolRecordController] conflicts with existing, non-compatible bean definition of same name and class [acme.features.anonymous.technologyRecord.AnonymousToolRecordController]
at org.springframework.context.annotation.ClassPathBeanDefinitionScanner.checkCandidate(ClassPathBeanDefinitionScanner.java:348): Annotation-specified bean name 'anonymousToolRecordController' for bean class [acme.features.anonymous.toolRecord.AnonymousToolRecordController] conflicts with existing, non-compatible bean definition of same name and class [acme.features.anonymous.technologyRecord.AnonymousToolRecordController]
WARN [org.springframework.boot.web.servlet.context.AnnotationConfigServletWebServerApplicationContext] Exception encountered during context initialization - cancelling refresh attempt: org.springframework.beans.factory.UnsatisfiedDependencyException: Error creating bean with name 'anonymousToolRecordController': Unsatisfied dependency expressed through field 'listService'; nested exception is org.springframework.beans.factory.UnsatisfiedDependencyException: Error creating bean with name 'anonymousToolRecordListService': Unsatisfied dependency expressed through field 'repository'; nested exception is org.springframework.beans.factory.BeanCreationException: Error creating bean with name 'anonymousToolRecordRepository': Invocation of init method failed; nested exception is java.lang.IllegalArgumentException: Validation failed for query for method public abstract java.util.Collection acme.features.anonymous.toolRecord.AnonymousToolRecordRepository.findManyAll()!
ERROR [org.springframework.boot.SpringApplication] at org.springframework.beans.factory.annotation.AutowiredAnnotationBeanPostProcessor$AutowiredFieldElement.inject(AutowiredAnnotationBeanPostProcessor.java:596): Error creating bean with name 'anonymousToolRecordController': Unsatisfied dependency expressed through field 'listService'; nested exception is org.springframework.beans.factory.UnsatisfiedDependencyException: Error creating bean with name 'anonymousToolRecordListService': Unsatisfied dependency expressed through field 'repository'; nested exception is org.springframework.beans.factory.BeanCreationException: Error creating bean with name 'anonymousToolRecordRepository': Invocation of init method failed; nested exception is java.lang.IllegalArgumentException: Validation failed for query for method public abstract java.util.Collection acme.features.anonymous.toolRecord.AnonymousToolRecordRepository.findManyAll()!
at org.springframework.beans.factory.annotation.AutowiredAnnotationBeanPostProcessor$AutowiredFieldElement.inject(AutowiredAnnotationBeanPostProcessor.java:596): Error creating bean with name 'anonymousToolRecordListService': Unsatisfied dependency expressed through field 'repository'; nested exception is org.springframework.beans.factory.BeanCreationException: Error creating bean with name 'anonymousToolRecordRepository': Invocation of init method failed; nested exception is java.lang.IllegalArgumentException: Validation failed for query for method public abstract java.util.Collection acme.features.anonymous.toolRecord.AnonymousToolRecordRepository.findManyAll()!
at org.springframework.beans.factory.support.AbstractAutowireCapableBeanFactory.initializeBean(AbstractAutowireCapableBeanFactory.java:1778): Error creating bean with name 'anonymousToolRecordRepository': Invocation of init method failed; nested exception is java.lang.IllegalArgumentException: Validation failed for query for method public abstract java.util.Collection acme.features.anonymous.toolRecord.AnonymousToolRecordRepository.findManyAll()!
at org.springframework.data.jpa.repository.query.SimpleJpaQuery.validateQuery(SimpleJpaQuery.java:93): Validation failed for query for method public abstract java.util.Collection acme.features.anonymous.toolRecord.AnonymousToolRecordRepository.findManyAll()!
at org.hibernate.internal.ExceptionConverterImpl.convert(ExceptionConverterImpl.java:138): org.hibernate.hql.internal.ast.QuerySyntaxException: ToolRecord is not mapped [select t from ToolRecord t order by t.stars desc]
at org.hibernate.hql.internal.ast.QuerySyntaxException.generateQueryException(QuerySyntaxException.java:79): ToolRecord is not mapped [select t from ToolRecord t order by t.stars desc]
at org.hibernate.hql.internal.ast.util.SessionFactoryHelper.requireClassPersister(SessionFactoryHelper.java:169): ToolRecord is not mapped
ERROR [org.apache.jsp.META_002dINF.views.framework.panic_jsp] HTTP GET /acme-incubator/META-INF/views/framework/page.jsp HTTP/1.1
ERROR [org.apache.jsp.META_002dINF.views.framework.panic_jsp] Status: 500
ERROR [org.apache.jsp.META_002dINF.views.framework.panic_jsp] Exception: acme.framework.helpers.Assert.state(Assert.java:40): Access is not authorised
ERROR [org.apache.jsp.META_002dINF.views.framework.panic_jsp] HTTP GET /acme-incubator/META-INF/views/framework/page.jsp HTTP/1.1
ERROR [org.apache.jsp.META_002dINF.views.framework.panic_jsp] Status: 500
ERROR [org.apache.jsp.META_002dINF.views.framework.panic_jsp] Exception: java.lang.AssertionError
ERROR [org.apache.jsp.META_002dINF.views.framework.panic_jsp] HTTP GET /acme-incubator/META-INF/views/framework/page.jsp HTTP/1.1
ERROR [org.apache.jsp.META_002dINF.views.framework.panic_jsp] Status: 500
ERROR [org.apache.jsp.META_002dINF.views.framework.panic_jsp] Exception: java.lang.AssertionError
ERROR [org.apache.catalina.core.ContainerBase.[Tomcat].[localhost].[/acme-incubator].[dispatcherServlet]] at acme.framework.utilities.RememberMeLogoutHandler.logout(RememberMeLogoutHandler.java:31): java.lang.AssertionError
ERROR [org.apache.catalina.core.ContainerBase.[Tomcat].[localhost].[/acme-incubator].[dispatcherServlet]] at acme.framework.utilities.RememberMeLogoutHandler.logout(RememberMeLogoutHandler.java:31): java.lang.AssertionError
ERROR [org.apache.catalina.util.LifecycleBase] at org.apache.catalina.connector.Connector.startInternal(Connector.java:1008): Protocol handler start failed
at sun.nio.ch.Net.bind0(Native Method): Address already in use: bind
ERROR [org.springframework.boot.diagnostics.LoggingFailureAnalysisReporter] ***************************
APPLICATION FAILED TO START
***************************
Description:
The Tomcat connector configured to listen on port 8080 failed to start. The port may already be in use or the connector may be misconfigured.
Action:
Verify the connector's configuration, identify and stop any process that's listening on port 8080, or configure this application to listen on another port.
WARN [org.springframework.boot.web.servlet.context.AnnotationConfigServletWebServerApplicationContext] Exception encountered during context initialization - cancelling refresh attempt: org.springframework.beans.factory.UnsatisfiedDependencyException: Error creating bean with name 'authenticatedChallengeController': Unsatisfied dependency expressed through field 'listService'; nested exception is org.springframework.beans.factory.UnsatisfiedDependencyException: Error creating bean with name 'authenticatedChallengeListService': Unsatisfied dependency expressed through field 'repository'; nested exception is org.springframework.beans.factory.BeanCreationException: Error creating bean with name 'authenticatedChallengeRepository': Invocation of init method failed; nested exception is java.lang.IllegalArgumentException: Validation failed for query for method public abstract acme.entities.challenges.Challenge acme.features.authenticated.challenge.AuthenticatedChallengeRepository.findOneById(int)!
ERROR [org.springframework.boot.SpringApplication] at org.springframework.beans.factory.annotation.AutowiredAnnotationBeanPostProcessor$AutowiredFieldElement.inject(AutowiredAnnotationBeanPostProcessor.java:596): Error creating bean with name 'authenticatedChallengeController': Unsatisfied dependency expressed through field 'listService'; nested exception is org.springframework.beans.factory.UnsatisfiedDependencyException: Error creating bean with name 'authenticatedChallengeListService': Unsatisfied dependency expressed through field 'repository'; nested exception is org.springframework.beans.factory.BeanCreationException: Error creating bean with name 'authenticatedChallengeRepository': Invocation of init method failed; nested exception is java.lang.IllegalArgumentException: Validation failed for query for method public abstract acme.entities.challenges.Challenge acme.features.authenticated.challenge.AuthenticatedChallengeRepository.findOneById(int)!
at org.springframework.beans.factory.annotation.AutowiredAnnotationBeanPostProcessor$AutowiredFieldElement.inject(AutowiredAnnotationBeanPostProcessor.java:596): Error creating bean with name 'authenticatedChallengeListService': Unsatisfied dependency expressed through field 'repository'; nested exception is org.springframework.beans.factory.BeanCreationException: Error creating bean with name 'authenticatedChallengeRepository': Invocation of init method failed; nested exception is java.lang.IllegalArgumentException: Validation failed for query for method public abstract acme.entities.challenges.Challenge acme.features.authenticated.challenge.AuthenticatedChallengeRepository.findOneById(int)!
at org.springframework.beans.factory.support.AbstractAutowireCapableBeanFactory.initializeBean(AbstractAutowireCapableBeanFactory.java:1778): Error creating bean with name 'authenticatedChallengeRepository': Invocation of init method failed; nested exception is java.lang.IllegalArgumentException: Validation failed for query for method public abstract acme.entities.challenges.Challenge acme.features.authenticated.challenge.AuthenticatedChallengeRepository.findOneById(int)!
at org.springframework.data.jpa.repository.query.SimpleJpaQuery.validateQuery(SimpleJpaQuery.java:93): Validation failed for query for method public abstract acme.entities.challenges.Challenge acme.features.authenticated.challenge.AuthenticatedChallengeRepository.findOneById(int)!
at org.hibernate.internal.ExceptionConverterImpl.convert(ExceptionConverterImpl.java:138): org.hibernate.hql.internal.ast.QuerySyntaxException: Challenge is not mapped [select c from Challenge c where c.id = ?1]
at org.hibernate.hql.internal.ast.QuerySyntaxException.generateQueryException(QuerySyntaxException.java:79): Challenge is not mapped [select c from Challenge c where c.id = ?1]
at org.hibernate.hql.internal.ast.util.SessionFactoryHelper.requireClassPersister(SessionFactoryHelper.java:169): Challenge is not mapped
ERROR [org.apache.jsp.META_002dINF.views.framework.panic_jsp] HTTP GET /acme-incubator/META-INF/views/framework/page.jsp HTTP/1.1
ERROR [org.apache.jsp.META_002dINF.views.framework.panic_jsp] Status: 500
ERROR [org.apache.jsp.META_002dINF.views.framework.panic_jsp] Exception: java.lang.AssertionError
ERROR [org.apache.jsp.META_002dINF.views.framework.panic_jsp] HTTP GET /acme-incubator/META-INF/views/framework/page.jsp HTTP/1.1
ERROR [org.apache.jsp.META_002dINF.views.framework.panic_jsp] Status: 500
ERROR [org.apache.jsp.META_002dINF.views.framework.panic_jsp] Exception: java.lang.AssertionError
ERROR [org.apache.jsp.META_002dINF.views.framework.panic_jsp] HTTP GET /acme-incubator/META-INF/views/framework/page.jsp HTTP/1.1
ERROR [org.apache.jsp.META_002dINF.views.framework.panic_jsp] Status: 500
ERROR [org.apache.jsp.META_002dINF.views.framework.panic_jsp] Exception: acme.framework.helpers.Assert.state(Assert.java:40): Acceso no autorizado
ERROR [org.apache.jsp.META_002dINF.views.framework.panic_jsp] HTTP GET /acme-incubator/META-INF/views/framework/page.jsp HTTP/1.1
ERROR [org.apache.jsp.META_002dINF.views.framework.panic_jsp] Status: 500
ERROR [org.apache.jsp.META_002dINF.views.framework.panic_jsp] Exception: java.lang.AssertionError
ERROR [org.apache.jsp.META_002dINF.views.framework.panic_jsp] HTTP GET /acme-incubator/META-INF/views/framework/page.jsp HTTP/1.1
ERROR [org.apache.jsp.META_002dINF.views.framework.panic_jsp] Status: 500
ERROR [org.apache.jsp.META_002dINF.views.framework.panic_jsp] Exception: java.lang.AssertionError
WARN [org.springframework.boot.web.servlet.context.AnnotationConfigServletWebServerApplicationContext] Exception encountered during context initialization - cancelling refresh attempt: org.springframework.beans.factory.BeanCreationException: Error creating bean with name 'entityManagerFactory' defined in class path resource [org/springframework/boot/autoconfigure/orm/jpa/HibernateJpaConfiguration.class]: Invocation of init method failed; nested exception is javax.persistence.PersistenceException: [PersistenceUnit: default] Unable to build Hibernate SessionFactory; nested exception is org.hibernate.MappingException: Could not determine type for: java.util.List, at table: dashboard, for columns: [org.hibernate.mapping.Column(chart_technology_tool)]
ERROR [org.springframework.boot.SpringApplication] at org.springframework.beans.factory.support.AbstractAutowireCapableBeanFactory.initializeBean(AbstractAutowireCapableBeanFactory.java:1778): Error creating bean with name 'entityManagerFactory' defined in class path resource [org/springframework/boot/autoconfigure/orm/jpa/HibernateJpaConfiguration.class]: Invocation of init method failed; nested exception is javax.persistence.PersistenceException: [PersistenceUnit: default] Unable to build Hibernate SessionFactory; nested exception is org.hibernate.MappingException: Could not determine type for: java.util.List, at table: dashboard, for columns: [org.hibernate.mapping.Column(chart_technology_tool)]
at org.springframework.orm.jpa.AbstractEntityManagerFactoryBean.buildNativeEntityManagerFactory(AbstractEntityManagerFactoryBean.java:402): [PersistenceUnit: default] Unable to build Hibernate SessionFactory; nested exception is org.hibernate.MappingException: Could not determine type for: java.util.List, at table: dashboard, for columns: [org.hibernate.mapping.Column(chart_technology_tool)]
at org.hibernate.mapping.SimpleValue.getType(SimpleValue.java:486): Could not determine type for: java.util.List, at table: dashboard, for columns: [org.hibernate.mapping.Column(chart_technology_tool)]
ERROR [org.apache.catalina.core.ContainerBase.[Tomcat].[localhost].[/acme-incubator].[jsp]] at java.lang.NumberFormatException.forInputString(Unknown Source): For input string: "0.5"
ERROR [org.apache.catalina.core.ContainerBase.[Tomcat].[localhost].[/acme-incubator].[jsp]] at org.apache.tiles.request.servlet.ServletUtil.wrapServletException(ServletUtil.java:61): JSPException including path '../administrator/dashboard/form.jsp'.
at javax.el.StaticFieldELResolver.invoke(StaticFieldELResolver.java:135): java.lang.NumberFormatException: For input string: "0.5"
at java.lang.NumberFormatException.forInputString(Unknown Source): For input string: "0.5"
ERROR [org.apache.catalina.core.ContainerBase.[Tomcat].[localhost].[/acme-incubator].[dispatcherServlet]] at java.lang.NumberFormatException.forInputString(Unknown Source): For input string: "0.5"
ERROR [org.apache.catalina.core.ContainerBase.[Tomcat].[localhost].[/acme-incubator].[jsp]] at java.lang.NumberFormatException.forInputString(Unknown Source): For input string: "0.5"
ERROR [org.apache.catalina.core.ContainerBase.[Tomcat].[localhost].[/acme-incubator].[jsp]] at org.apache.tiles.request.servlet.ServletUtil.wrapServletException(ServletUtil.java:61): JSPException including path '../administrator/dashboard/form.jsp'.
at javax.el.StaticFieldELResolver.invoke(StaticFieldELResolver.java:135): java.lang.NumberFormatException: For input string: "0.5"
at java.lang.NumberFormatException.forInputString(Unknown Source): For input string: "0.5"
ERROR [org.apache.catalina.core.ContainerBase.[Tomcat].[localhost].[/acme-incubator].[dispatcherServlet]] at java.lang.NumberFormatException.forInputString(Unknown Source): For input string: "0.5"
ERROR [org.apache.catalina.core.ContainerBase.[Tomcat].[localhost].[/acme-incubator].[jsp]] at java.lang.NumberFormatException.forInputString(Unknown Source): For input string: "0.5"
ERROR [org.apache.catalina.core.ContainerBase.[Tomcat].[localhost].[/acme-incubator].[jsp]] at org.apache.tiles.request.servlet.ServletUtil.wrapServletException(ServletUtil.java:61): JSPException including path '../administrator/dashboard/form.jsp'.
at javax.el.StaticFieldELResolver.invoke(StaticFieldELResolver.java:135): java.lang.NumberFormatException: For input string: "0.5"
at java.lang.NumberFormatException.forInputString(Unknown Source): For input string: "0.5"
ERROR [org.apache.catalina.core.ContainerBase.[Tomcat].[localhost].[/acme-incubator].[dispatcherServlet]] at java.lang.NumberFormatException.forInputString(Unknown Source): For input string: "0.5"
ERROR [org.apache.catalina.core.ContainerBase.[Tomcat].[localhost].[/acme-incubator].[jsp]] at java.lang.NumberFormatException.forInputString(Unknown Source): For input string: "0,5"
ERROR [org.apache.catalina.core.ContainerBase.[Tomcat].[localhost].[/acme-incubator].[jsp]] at org.apache.tiles.request.servlet.ServletUtil.wrapServletException(ServletUtil.java:61): JSPException including path '../administrator/dashboard/form.jsp'.
at javax.el.StaticFieldELResolver.invoke(StaticFieldELResolver.java:135): java.lang.NumberFormatException: For input string: "0,5"
at java.lang.NumberFormatException.forInputString(Unknown Source): For input string: "0,5"
ERROR [org.apache.catalina.core.ContainerBase.[Tomcat].[localhost].[/acme-incubator].[dispatcherServlet]] at java.lang.NumberFormatException.forInputString(Unknown Source): For input string: "0,5"
ERROR [org.apache.catalina.core.ContainerBase.[Tomcat].[localhost].[/acme-incubator].[jsp]] at java.lang.NumberFormatException.forInputString(Unknown Source): For input string: "0.5"
ERROR [org.apache.catalina.core.ContainerBase.[Tomcat].[localhost].[/acme-incubator].[jsp]] at org.apache.tiles.request.servlet.ServletUtil.wrapServletException(ServletUtil.java:61): JSPException including path '../administrator/dashboard/form.jsp'.
at javax.el.StaticFieldELResolver.invoke(StaticFieldELResolver.java:135): java.lang.NumberFormatException: For input string: "0.5"
at java.lang.NumberFormatException.forInputString(Unknown Source): For input string: "0.5"
ERROR [org.apache.catalina.core.ContainerBase.[Tomcat].[localhost].[/acme-incubator].[dispatcherServlet]] at java.lang.NumberFormatException.forInputString(Unknown Source): For input string: "0.5"
ERROR [org.apache.catalina.util.LifecycleBase] at org.apache.catalina.connector.Connector.startInternal(Connector.java:1008): Protocol handler start failed
at sun.nio.ch.Net.bind0(Native Method): Address already in use: bind
ERROR [org.springframework.boot.diagnostics.LoggingFailureAnalysisReporter] ***************************
APPLICATION FAILED TO START
***************************
Description:
The Tomcat connector configured to listen on port 8080 failed to start. The port may already be in use or the connector may be misconfigured.
Action:
Verify the connector's configuration, identify and stop any process that's listening on port 8080, or configure this application to listen on another port.
WARN [org.springframework.boot.web.servlet.context.AnnotationConfigServletWebServerApplicationContext] Exception encountered during context initialization - cancelling refresh attempt: org.springframework.beans.factory.UnsatisfiedDependencyException: Error creating bean with name 'administratorDashboardController': Unsatisfied dependency expressed through field 'showService'; nested exception is org.springframework.beans.factory.UnsatisfiedDependencyException: Error creating bean with name 'administratorDashboardShowService': Unsatisfied dependency expressed through field 'repository'; nested exception is org.springframework.beans.factory.BeanCreationException: Error creating bean with name 'administratorDashboardRepository': Invocation of init method failed; nested exception is java.lang.IllegalArgumentException: Validation failed for query for method public abstract double acme.features.administrator.dashboard.AdministratorDashboardRepository.standardDeviationMoneyIntervalsOfActiveInquiries()!
ERROR [org.springframework.boot.SpringApplication] at org.springframework.beans.factory.annotation.AutowiredAnnotationBeanPostProcessor$AutowiredFieldElement.inject(AutowiredAnnotationBeanPostProcessor.java:596): Error creating bean with name 'administratorDashboardController': Unsatisfied dependency expressed through field 'showService'; nested exception is org.springframework.beans.factory.UnsatisfiedDependencyException: Error creating bean with name 'administratorDashboardShowService': Unsatisfied dependency expressed through field 'repository'; nested exception is org.springframework.beans.factory.BeanCreationException: Error creating bean with name 'administratorDashboardRepository': Invocation of init method failed; nested exception is java.lang.IllegalArgumentException: Validation failed for query for method public abstract double acme.features.administrator.dashboard.AdministratorDashboardRepository.standardDeviationMoneyIntervalsOfActiveInquiries()!
at org.springframework.beans.factory.annotation.AutowiredAnnotationBeanPostProcessor$AutowiredFieldElement.inject(AutowiredAnnotationBeanPostProcessor.java:596): Error creating bean with name 'administratorDashboardShowService': Unsatisfied dependency expressed through field 'repository'; nested exception is org.springframework.beans.factory.BeanCreationException: Error creating bean with name 'administratorDashboardRepository': Invocation of init method failed; nested exception is java.lang.IllegalArgumentException: Validation failed for query for method public abstract double acme.features.administrator.dashboard.AdministratorDashboardRepository.standardDeviationMoneyIntervalsOfActiveInquiries()!
at org.springframework.beans.factory.support.AbstractAutowireCapableBeanFactory.initializeBean(AbstractAutowireCapableBeanFactory.java:1778): Error creating bean with name 'administratorDashboardRepository': Invocation of init method failed; nested exception is java.lang.IllegalArgumentException: Validation failed for query for method public abstract double acme.features.administrator.dashboard.AdministratorDashboardRepository.standardDeviationMoneyIntervalsOfActiveInquiries()!
at org.springframework.data.jpa.repository.query.SimpleJpaQuery.validateQuery(SimpleJpaQuery.java:93): Validation failed for query for method public abstract double acme.features.administrator.dashboard.AdministratorDashboardRepository.standardDeviationMoneyIntervalsOfActiveInquiries()!
at org.hibernate.internal.ExceptionConverterImpl.convert(ExceptionConverterImpl.java:138): org.hibernate.QueryException: No data type for node: org.hibernate.hql.internal.ast.tree.MethodNode 
\-[METHOD_CALL] MethodNode: '('
+-[METHOD_NAME] IdentNode: 'stdev' {originalText=stdev}
\-[EXPR_LIST] SqlNode: 'exprList'
\-[MINUS] BinaryArithmeticOperatorNode: '-' {dataType=org.hibernate.type.DoubleType@cf08c97}
+-[DOT] DotNode: 'inquirie0_.max_money_amount' {propertyName=amount,dereferenceType=PRIMITIVE,getPropertyPath=maxMoney.amount,path=i.maxMoney.amount,tableAlias=inquirie0_,className=acme.entities.inquiries.Inquirie,classAlias=i}
|  +-[DOT] DotNode: 'inquirie0_.max_money_amount' {propertyName=amount,dereferenceType=COMPONENT,getPropertyPath=maxMoney.amount,path=i.maxMoney,tableAlias=inquirie0_,className=acme.entities.inquiries.Inquirie,classAlias=i}
|  |  +-[ALIAS_REF] IdentNode: 'inquirie0_.id' {alias=i, className=acme.entities.inquiries.Inquirie, tableAlias=inquirie0_}
|  |  \-[IDENT] IdentNode: 'maxMoney' {originalText=maxMoney}
|  \-[IDENT] IdentNode: 'amount' {originalText=amount}
\-[DOT] DotNode: 'inquirie0_.min_money_amount' {propertyName=amount,dereferenceType=PRIMITIVE,getPropertyPath=minMoney.amount,path=i.minMoney.amount,tableAlias=inquirie0_,className=acme.entities.inquiries.Inquirie,classAlias=i}
+-[DOT] DotNode: 'inquirie0_.min_money_amount' {propertyName=amount,dereferenceType=COMPONENT,getPropertyPath=minMoney.amount,path=i.minMoney,tableAlias=inquirie0_,className=acme.entities.inquiries.Inquirie,classAlias=i}
|  +-[ALIAS_REF] IdentNode: 'inquirie0_.id' {alias=i, className=acme.entities.inquiries.Inquirie, tableAlias=inquirie0_}
|  \-[IDENT] IdentNode: 'minMoney' {originalText=minMoney}
\-[IDENT] IdentNode: 'amount' {originalText=amount}
[select stdev(i.maxMoney.amount - i.minMoney.amount) from acme.entities.inquiries.Inquirie i]
at org.hibernate.QueryException.generateQueryException(QueryException.java:120): No data type for node: org.hibernate.hql.internal.ast.tree.MethodNode 
\-[METHOD_CALL] MethodNode: '('
+-[METHOD_NAME] IdentNode: 'stdev' {originalText=stdev}
\-[EXPR_LIST] SqlNode: 'exprList'
\-[MINUS] BinaryArithmeticOperatorNode: '-' {dataType=org.hibernate.type.DoubleType@cf08c97}
+-[DOT] DotNode: 'inquirie0_.max_money_amount' {propertyName=amount,dereferenceType=PRIMITIVE,getPropertyPath=maxMoney.amount,path=i.maxMoney.amount,tableAlias=inquirie0_,className=acme.entities.inquiries.Inquirie,classAlias=i}
|  +-[DOT] DotNode: 'inquirie0_.max_money_amount' {propertyName=amount,dereferenceType=COMPONENT,getPropertyPath=maxMoney.amount,path=i.maxMoney,tableAlias=inquirie0_,className=acme.entities.inquiries.Inquirie,classAlias=i}
|  |  +-[ALIAS_REF] IdentNode: 'inquirie0_.id' {alias=i, className=acme.entities.inquiries.Inquirie, tableAlias=inquirie0_}
|  |  \-[IDENT] IdentNode: 'maxMoney' {originalText=maxMoney}
|  \-[IDENT] IdentNode: 'amount' {originalText=amount}
\-[DOT] DotNode: 'inquirie0_.min_money_amount' {propertyName=amount,dereferenceType=PRIMITIVE,getPropertyPath=minMoney.amount,path=i.minMoney.amount,tableAlias=inquirie0_,className=acme.entities.inquiries.Inquirie,classAlias=i}
+-[DOT] DotNode: 'inquirie0_.min_money_amount' {propertyName=amount,dereferenceType=COMPONENT,getPropertyPath=minMoney.amount,path=i.minMoney,tableAlias=inquirie0_,className=acme.entities.inquiries.Inquirie,classAlias=i}
|  +-[ALIAS_REF] IdentNode: 'inquirie0_.id' {alias=i, className=acme.entities.inquiries.Inquirie, tableAlias=inquirie0_}
|  \-[IDENT] IdentNode: 'minMoney' {originalText=minMoney}
\-[IDENT] IdentNode: 'amount' {originalText=amount}
[select stdev(i.maxMoney.amount - i.minMoney.amount) from acme.entities.inquiries.Inquirie i]
at org.hibernate.hql.internal.ast.tree.SelectClause.initializeExplicitSelectClause(SelectClause.java:161): No data type for node: org.hibernate.hql.internal.ast.tree.MethodNode 
\-[METHOD_CALL] MethodNode: '('
+-[METHOD_NAME] IdentNode: 'stdev' {originalText=stdev}
\-[EXPR_LIST] SqlNode: 'exprList'
\-[MINUS] BinaryArithmeticOperatorNode: '-' {dataType=org.hibernate.type.DoubleType@cf08c97}
+-[DOT] DotNode: 'inquirie0_.max_money_amount' {propertyName=amount,dereferenceType=PRIMITIVE,getPropertyPath=maxMoney.amount,path=i.maxMoney.amount,tableAlias=inquirie0_,className=acme.entities.inquiries.Inquirie,classAlias=i}
|  +-[DOT] DotNode: 'inquirie0_.max_money_amount' {propertyName=amount,dereferenceType=COMPONENT,getPropertyPath=maxMoney.amount,path=i.maxMoney,tableAlias=inquirie0_,className=acme.entities.inquiries.Inquirie,classAlias=i}
|  |  +-[ALIAS_REF] IdentNode: 'inquirie0_.id' {alias=i, className=acme.entities.inquiries.Inquirie, tableAlias=inquirie0_}
|  |  \-[IDENT] IdentNode: 'maxMoney' {originalText=maxMoney}
|  \-[IDENT] IdentNode: 'amount' {originalText=amount}
\-[DOT] DotNode: 'inquirie0_.min_money_amount' {propertyName=amount,dereferenceType=PRIMITIVE,getPropertyPath=minMoney.amount,path=i.minMoney.amount,tableAlias=inquirie0_,className=acme.entities.inquiries.Inquirie,classAlias=i}
+-[DOT] DotNode: 'inquirie0_.min_money_amount' {propertyName=amount,dereferenceType=COMPONENT,getPropertyPath=minMoney.amount,path=i.minMoney,tableAlias=inquirie0_,className=acme.entities.inquiries.Inquirie,classAlias=i}
|  +-[ALIAS_REF] IdentNode: 'inquirie0_.id' {alias=i, className=acme.entities.inquiries.Inquirie, tableAlias=inquirie0_}
|  \-[IDENT] IdentNode: 'minMoney' {originalText=minMoney}
\-[IDENT] IdentNode: 'amount' {originalText=amount}
ERROR [org.apache.jsp.META_002dINF.views.framework.panic_jsp] HTTP GET /acme-incubator/META-INF/views/framework/page.jsp HTTP/1.1
ERROR [org.apache.jsp.META_002dINF.views.framework.panic_jsp] Status: 500
ERROR [org.apache.jsp.META_002dINF.views.framework.panic_jsp] Exception: java.lang.AssertionError
ERROR [org.apache.jsp.META_002dINF.views.framework.panic_jsp] HTTP GET /acme-incubator/META-INF/views/framework/page.jsp HTTP/1.1
ERROR [org.apache.jsp.META_002dINF.views.framework.panic_jsp] Status: 500
ERROR [org.apache.jsp.META_002dINF.views.framework.panic_jsp] Exception: java.lang.AssertionError
ERROR [org.apache.jsp.META_002dINF.views.framework.panic_jsp] HTTP GET /acme-incubator/META-INF/views/framework/page.jsp HTTP/1.1
ERROR [org.apache.jsp.META_002dINF.views.framework.panic_jsp] Status: 500
ERROR [org.apache.jsp.META_002dINF.views.framework.panic_jsp] Exception: java.lang.AssertionError
ERROR [org.apache.jsp.META_002dINF.views.framework.panic_jsp] HTTP GET /acme-incubator/META-INF/views/framework/page.jsp HTTP/1.1
ERROR [org.apache.jsp.META_002dINF.views.framework.panic_jsp] Status: 500
ERROR [org.apache.jsp.META_002dINF.views.framework.panic_jsp] Exception: acme.framework.helpers.Assert.state(Assert.java:40): Access is not authorised
ERROR [org.hibernate.hql.internal.ast.ErrorTracker] line 1:37: unexpected token: from
ERROR [org.hibernate.hql.internal.ast.ErrorTracker] at org.hibernate.hql.internal.antlr.HqlBaseParser.expressionOrVector(HqlBaseParser.java:4716): unexpected token: from
WARN [org.hibernate.hql.internal.ast.HqlParser] HHH000203: processEqualityExpression() : No expression to process!
WARN [org.springframework.boot.web.servlet.context.AnnotationConfigServletWebServerApplicationContext] Exception encountered during context initialization - cancelling refresh attempt: org.springframework.beans.factory.UnsatisfiedDependencyException: Error creating bean with name 'administratorDashboardController': Unsatisfied dependency expressed through field 'showService'; nested exception is org.springframework.beans.factory.UnsatisfiedDependencyException: Error creating bean with name 'administratorDashboardShowService': Unsatisfied dependency expressed through field 'repository'; nested exception is org.springframework.beans.factory.BeanCreationException: Error creating bean with name 'administratorDashboardRepository': Invocation of init method failed; nested exception is java.lang.IllegalArgumentException: Validation failed for query for method public abstract double acme.features.administrator.dashboard.AdministratorDashboardRepository.ratioOfOpenSourceToolsVSClosedSourceTools()!
ERROR [org.springframework.boot.SpringApplication] at org.springframework.beans.factory.annotation.AutowiredAnnotationBeanPostProcessor$AutowiredFieldElement.inject(AutowiredAnnotationBeanPostProcessor.java:596): Error creating bean with name 'administratorDashboardController': Unsatisfied dependency expressed through field 'showService'; nested exception is org.springframework.beans.factory.UnsatisfiedDependencyException: Error creating bean with name 'administratorDashboardShowService': Unsatisfied dependency expressed through field 'repository'; nested exception is org.springframework.beans.factory.BeanCreationException: Error creating bean with name 'administratorDashboardRepository': Invocation of init method failed; nested exception is java.lang.IllegalArgumentException: Validation failed for query for method public abstract double acme.features.administrator.dashboard.AdministratorDashboardRepository.ratioOfOpenSourceToolsVSClosedSourceTools()!
at org.springframework.beans.factory.annotation.AutowiredAnnotationBeanPostProcessor$AutowiredFieldElement.inject(AutowiredAnnotationBeanPostProcessor.java:596): Error creating bean with name 'administratorDashboardShowService': Unsatisfied dependency expressed through field 'repository'; nested exception is org.springframework.beans.factory.BeanCreationException: Error creating bean with name 'administratorDashboardRepository': Invocation of init method failed; nested exception is java.lang.IllegalArgumentException: Validation failed for query for method public abstract double acme.features.administrator.dashboard.AdministratorDashboardRepository.ratioOfOpenSourceToolsVSClosedSourceTools()!
at org.springframework.beans.factory.support.AbstractAutowireCapableBeanFactory.initializeBean(AbstractAutowireCapableBeanFactory.java:1778): Error creating bean with name 'administratorDashboardRepository': Invocation of init method failed; nested exception is java.lang.IllegalArgumentException: Validation failed for query for method public abstract double acme.features.administrator.dashboard.AdministratorDashboardRepository.ratioOfOpenSourceToolsVSClosedSourceTools()!
at org.springframework.data.jpa.repository.query.SimpleJpaQuery.validateQuery(SimpleJpaQuery.java:93): Validation failed for query for method public abstract double acme.features.administrator.dashboard.AdministratorDashboardRepository.ratioOfOpenSourceToolsVSClosedSourceTools()!
at org.hibernate.internal.ExceptionConverterImpl.convert(ExceptionConverterImpl.java:138): org.hibernate.hql.internal.ast.QuerySyntaxException: unexpected token: from near line 1, column 37 [select (sum(t)/(select sum(tt))*1.0 from acme.entities.toolRecords.ToolRecord tt where tt.sourceType = 'Closed-Source') from acme.entities.toolRecords.ToolRecord t where t.sourceType = 'Open-Source']
at org.hibernate.hql.internal.ast.QuerySyntaxException.convert(QuerySyntaxException.java:74): unexpected token: from near line 1, column 37 [select (sum(t)/(select sum(tt))*1.0 from acme.entities.toolRecords.ToolRecord tt where tt.sourceType = 'Closed-Source') from acme.entities.toolRecords.ToolRecord t where t.sourceType = 'Open-Source']
ERROR [org.hibernate.hql.internal.ast.ErrorTracker] line 1:37: unexpected token: from
ERROR [org.hibernate.hql.internal.ast.ErrorTracker] at org.hibernate.hql.internal.antlr.HqlBaseParser.expressionOrVector(HqlBaseParser.java:4716): unexpected token: from
WARN [org.hibernate.hql.internal.ast.HqlParser] HHH000203: processEqualityExpression() : No expression to process!
WARN [org.springframework.boot.web.servlet.context.AnnotationConfigServletWebServerApplicationContext] Exception encountered during context initialization - cancelling refresh attempt: org.springframework.beans.factory.UnsatisfiedDependencyException: Error creating bean with name 'administratorDashboardController': Unsatisfied dependency expressed through field 'showService'; nested exception is org.springframework.beans.factory.UnsatisfiedDependencyException: Error creating bean with name 'administratorDashboardShowService': Unsatisfied dependency expressed through field 'repository'; nested exception is org.springframework.beans.factory.BeanCreationException: Error creating bean with name 'administratorDashboardRepository': Invocation of init method failed; nested exception is java.lang.IllegalArgumentException: Validation failed for query for method public abstract double acme.features.administrator.dashboard.AdministratorDashboardRepository.ratioOfOpenSourceToolsVSClosedSourceTools()!
ERROR [org.springframework.boot.SpringApplication] at org.springframework.beans.factory.annotation.AutowiredAnnotationBeanPostProcessor$AutowiredFieldElement.inject(AutowiredAnnotationBeanPostProcessor.java:596): Error creating bean with name 'administratorDashboardController': Unsatisfied dependency expressed through field 'showService'; nested exception is org.springframework.beans.factory.UnsatisfiedDependencyException: Error creating bean with name 'administratorDashboardShowService': Unsatisfied dependency expressed through field 'repository'; nested exception is org.springframework.beans.factory.BeanCreationException: Error creating bean with name 'administratorDashboardRepository': Invocation of init method failed; nested exception is java.lang.IllegalArgumentException: Validation failed for query for method public abstract double acme.features.administrator.dashboard.AdministratorDashboardRepository.ratioOfOpenSourceToolsVSClosedSourceTools()!
at org.springframework.beans.factory.annotation.AutowiredAnnotationBeanPostProcessor$AutowiredFieldElement.inject(AutowiredAnnotationBeanPostProcessor.java:596): Error creating bean with name 'administratorDashboardShowService': Unsatisfied dependency expressed through field 'repository'; nested exception is org.springframework.beans.factory.BeanCreationException: Error creating bean with name 'administratorDashboardRepository': Invocation of init method failed; nested exception is java.lang.IllegalArgumentException: Validation failed for query for method public abstract double acme.features.administrator.dashboard.AdministratorDashboardRepository.ratioOfOpenSourceToolsVSClosedSourceTools()!
at org.springframework.beans.factory.support.AbstractAutowireCapableBeanFactory.initializeBean(AbstractAutowireCapableBeanFactory.java:1778): Error creating bean with name 'administratorDashboardRepository': Invocation of init method failed; nested exception is java.lang.IllegalArgumentException: Validation failed for query for method public abstract double acme.features.administrator.dashboard.AdministratorDashboardRepository.ratioOfOpenSourceToolsVSClosedSourceTools()!
at org.springframework.data.jpa.repository.query.SimpleJpaQuery.validateQuery(SimpleJpaQuery.java:93): Validation failed for query for method public abstract double acme.features.administrator.dashboard.AdministratorDashboardRepository.ratioOfOpenSourceToolsVSClosedSourceTools()!
at org.hibernate.internal.ExceptionConverterImpl.convert(ExceptionConverterImpl.java:138): org.hibernate.hql.internal.ast.QuerySyntaxException: unexpected token: from near line 1, column 37 [select (sum(t)/(select sum(tt))*1.0 from acme.entities.toolRecords.ToolRecord tt where tt.sourceType = 'Closed-Source') from acme.entities.toolRecords.ToolRecord t where t.sourceType = 'Open-Source']
at org.hibernate.hql.internal.ast.QuerySyntaxException.convert(QuerySyntaxException.java:74): unexpected token: from near line 1, column 37 [select (sum(t)/(select sum(tt))*1.0 from acme.entities.toolRecords.ToolRecord tt where tt.sourceType = 'Closed-Source') from acme.entities.toolRecords.ToolRecord t where t.sourceType = 'Open-Source']
ERROR [org.hibernate.hql.internal.ast.ErrorTracker] line 1:9: unexpected token: sum
ERROR [org.hibernate.hql.internal.ast.ErrorTracker] at org.hibernate.hql.internal.antlr.HqlBaseParser.concatenation(HqlBaseParser.java:693): unexpected token: sum
WARN [org.hibernate.hql.internal.ast.HqlParser] HHH000203: processEqualityExpression() : No expression to process!
ERROR [org.hibernate.hql.internal.ast.ErrorTracker] line 1:13: unexpected token: t
ERROR [org.hibernate.hql.internal.ast.ErrorTracker] at org.hibernate.hql.internal.antlr.HqlBaseParser.aliasedExpression(HqlBaseParser.java:2383): unexpected token: t
ERROR [org.hibernate.hql.internal.ast.ErrorTracker] line 1:14: expecting EOF, found ')'
ERROR [org.hibernate.hql.internal.ast.ErrorTracker] at antlr.Parser.match(Parser.java:211): expecting EOF, found ')'
WARN [org.springframework.boot.web.servlet.context.AnnotationConfigServletWebServerApplicationContext] Exception encountered during context initialization - cancelling refresh attempt: org.springframework.beans.factory.UnsatisfiedDependencyException: Error creating bean with name 'administratorDashboardController': Unsatisfied dependency expressed through field 'showService'; nested exception is org.springframework.beans.factory.UnsatisfiedDependencyException: Error creating bean with name 'administratorDashboardShowService': Unsatisfied dependency expressed through field 'repository'; nested exception is org.springframework.beans.factory.BeanCreationException: Error creating bean with name 'administratorDashboardRepository': Invocation of init method failed; nested exception is java.lang.IllegalArgumentException: Validation failed for query for method public abstract double acme.features.administrator.dashboard.AdministratorDashboardRepository.ratioOfOpenSourceTechnologiesVSClosedSourceTechnologies()!
ERROR [org.springframework.boot.SpringApplication] at org.springframework.beans.factory.annotation.AutowiredAnnotationBeanPostProcessor$AutowiredFieldElement.inject(AutowiredAnnotationBeanPostProcessor.java:596): Error creating bean with name 'administratorDashboardController': Unsatisfied dependency expressed through field 'showService'; nested exception is org.springframework.beans.factory.UnsatisfiedDependencyException: Error creating bean with name 'administratorDashboardShowService': Unsatisfied dependency expressed through field 'repository'; nested exception is org.springframework.beans.factory.BeanCreationException: Error creating bean with name 'administratorDashboardRepository': Invocation of init method failed; nested exception is java.lang.IllegalArgumentException: Validation failed for query for method public abstract double acme.features.administrator.dashboard.AdministratorDashboardRepository.ratioOfOpenSourceTechnologiesVSClosedSourceTechnologies()!
at org.springframework.beans.factory.annotation.AutowiredAnnotationBeanPostProcessor$AutowiredFieldElement.inject(AutowiredAnnotationBeanPostProcessor.java:596): Error creating bean with name 'administratorDashboardShowService': Unsatisfied dependency expressed through field 'repository'; nested exception is org.springframework.beans.factory.BeanCreationException: Error creating bean with name 'administratorDashboardRepository': Invocation of init method failed; nested exception is java.lang.IllegalArgumentException: Validation failed for query for method public abstract double acme.features.administrator.dashboard.AdministratorDashboardRepository.ratioOfOpenSourceTechnologiesVSClosedSourceTechnologies()!
at org.springframework.beans.factory.support.AbstractAutowireCapableBeanFactory.initializeBean(AbstractAutowireCapableBeanFactory.java:1778): Error creating bean with name 'administratorDashboardRepository': Invocation of init method failed; nested exception is java.lang.IllegalArgumentException: Validation failed for query for method public abstract double acme.features.administrator.dashboard.AdministratorDashboardRepository.ratioOfOpenSourceTechnologiesVSClosedSourceTechnologies()!
at org.springframework.data.jpa.repository.query.SimpleJpaQuery.validateQuery(SimpleJpaQuery.java:93): Validation failed for query for method public abstract double acme.features.administrator.dashboard.AdministratorDashboardRepository.ratioOfOpenSourceTechnologiesVSClosedSourceTechnologies()!
at org.hibernate.internal.ExceptionConverterImpl.convert(ExceptionConverterImpl.java:138): org.hibernate.hql.internal.ast.QuerySyntaxException: unexpected token: sum near line 1, column 9 [select 8sum(t)*1.0)/(select sum(tt) from acme.entities.technologyRecords.TechnologyRecord tt where tt.sourceType = 'Closed-Source') from acme.entities.technologyRecords.TechnologyRecord t where t.sourceType = 'Open-Source']
at org.hibernate.hql.internal.ast.QuerySyntaxException.convert(QuerySyntaxException.java:74): unexpected token: sum near line 1, column 9 [select 8sum(t)*1.0)/(select sum(tt) from acme.entities.technologyRecords.TechnologyRecord tt where tt.sourceType = 'Closed-Source') from acme.entities.technologyRecords.TechnologyRecord t where t.sourceType = 'Open-Source']
